1507451815410	geckodriver	INFO	Listening on 127.0.0.1:52233
1507451816420	mozprofile::profile	INFO	Using profile path /var/folders/b2/p_m4jmln2_15khd12nhs8jy00000gn/T/rust_mozprofile.NPABrIdZhkx5
1507451816420	geckodriver::marionette	INFO	Starting browser /Applications/Firefox.app/Contents/MacOS/firefox-bin
1507451816437	geckodriver::marionette	INFO	Connecting to Marionette on localhost:52242
1507451816947	Marionette	WARN	Deprecated preference marionette.defaultPrefs.enabled detected, please use marionette.enabled
1507451818200	Marionette	INFO	Listening on port 52242
1507451818307	Marionette	WARN	TLS certificate errors will be ignored for this session
1507451818456	Marionette	DEBUG	loaded listener.js
1507451818485	Marionette	DEBUG	Received DOM event "beforeunload" for "about:blank"
2017-10-08 16:36:58.508 plugin-container[2987:236329] *** CFMessagePort: bootstrap_register(): failed 1100 (0x44c) 'Permission denied', port = 0x9c3b, name = 'com.apple.tsm.portname'
See /usr/include/servers/bootstrap_defs.h for the error codes.
2017-10-08 16:36:58.509 plugin-container[2987:236329] *** CFMessagePort: bootstrap_register(): failed 1100 (0x44c) 'Permission denied', port = 0x9f03, name = 'com.apple.CFPasteboardClient'
See /usr/include/servers/bootstrap_defs.h for the error codes.
1507451818517	Marionette	DEBUG	Received DOM event "beforeunload" for "about:blank"
1507451818519	Marionette	DEBUG	Received DOM event "pagehide" for "about:blank"
1507451818520	Marionette	DEBUG	Received DOM event "unload" for "about:blank"
1507451818558	Marionette	DEBUG	Received DOM event "DOMContentLoaded" for "about:neterror?e=connectionFailure&u=http%3A//localhost%3A8000/&c=UTF-8&f=regular&d=Firefox%20can%E2%80%99t%20establish%20a%20connection%20to%20the%20server%20at%20localhost%3A8000."
1507451854519	geckodriver	INFO	Listening on 127.0.0.1:52308
1507451855530	mozprofile::profile	INFO	Using profile path /var/folders/b2/p_m4jmln2_15khd12nhs8jy00000gn/T/rust_mozprofile.sQebcF9EOi1B
1507451855531	geckodriver::marionette	INFO	Starting browser /Applications/Firefox.app/Contents/MacOS/firefox-bin
1507451855533	geckodriver::marionette	INFO	Connecting to Marionette on localhost:52317
1507451855887	Marionette	WARN	Deprecated preference marionette.defaultPrefs.enabled detected, please use marionette.enabled
1507451857048	Marionette	INFO	Listening on port 52317
1507451857100	Marionette	WARN	TLS certificate errors will be ignored for this session
1507451857275	Marionette	DEBUG	loaded listener.js
1507451857306	Marionette	DEBUG	Received DOM event "beforeunload" for "about:blank"
2017-10-08 16:37:37.341 plugin-container[3003:237186] *** CFMessagePort: bootstrap_register(): failed 1100 (0x44c) 'Permission denied', port = 0x9c3b, name = 'com.apple.tsm.portname'
See /usr/include/servers/bootstrap_defs.h for the error codes.
2017-10-08 16:37:37.342 plugin-container[3003:237186] *** CFMessagePort: bootstrap_register(): failed 1100 (0x44c) 'Permission denied', port = 0x9f03, name = 'com.apple.CFPasteboardClient'
See /usr/include/servers/bootstrap_defs.h for the error codes.
1507451857350	Marionette	DEBUG	Received DOM event "pagehide" for "about:blank"
1507451857351	Marionette	DEBUG	Received DOM event "unload" for "about:blank"
1507451857356	Marionette	DEBUG	Received DOM event "DOMContentLoaded" for "http://localhost:8000/"
1507451857383	Marionette	DEBUG	Received DOM event "pageshow" for "http://localhost:8000/"
2017-10-08 16:37:57.300 plugin-container[3005:237589] *** CFMessagePort: bootstrap_register(): failed 1100 (0x44c) 'Permission denied', port = 0x9c3b, name = 'com.apple.tsm.portname'
See /usr/include/servers/bootstrap_defs.h for the error codes.
2017-10-08 16:37:57.300 plugin-container[3005:237589] *** CFMessagePort: bootstrap_register(): failed 1100 (0x44c) 'Permission denied', port = 0x9f03, name = 'com.apple.CFPasteboardClient'
See /usr/include/servers/bootstrap_defs.h for the error codes.
JavaScript error: resource://gre/components/nsUrlClassifierListManager.js, line 287: NS_ERROR_NOT_INITIALIZED: Component returned failure code: 0xc1f30001 (NS_ERROR_NOT_INITIALIZED) [nsIUrlClassifierDBService.getTables]
JavaScript error: resource://gre/components/nsUrlClassifierListManager.js, line 287: NS_ERROR_NOT_INITIALIZED: Component returned failure code: 0xc1f30001 (NS_ERROR_NOT_INITIALIZED) [nsIUrlClassifierDBService.getTables]
1507451878467	Marionette	INFO	Ceased listening
1507451881721	geckodriver	INFO	Listening on 127.0.0.1:52376
1507451882728	mozprofile::profile	INFO	Using profile path /var/folders/b2/p_m4jmln2_15khd12nhs8jy00000gn/T/rust_mozprofile.5jCaQbPjvIWR
1507451882732	geckodriver::marionette	INFO	Starting browser /Applications/Firefox.app/Contents/MacOS/firefox-bin
1507451882734	geckodriver::marionette	INFO	Connecting to Marionette on localhost:52385
1507451883084	Marionette	WARN	Deprecated preference marionette.defaultPrefs.enabled detected, please use marionette.enabled
1507451884245	Marionette	INFO	Listening on port 52385
1507451884303	Marionette	WARN	TLS certificate errors will be ignored for this session
1507451884456	Marionette	DEBUG	loaded listener.js
1507451884482	Marionette	DEBUG	Received DOM event "beforeunload" for "about:blank"
1507451884508	Marionette	DEBUG	Received DOM event "pagehide" for "about:blank"
1507451884508	Marionette	DEBUG	Received DOM event "unload" for "about:blank"
1507451884512	Marionette	DEBUG	Received DOM event "DOMContentLoaded" for "http://localhost:8000/"
1507451884532	Marionette	DEBUG	Received DOM event "pageshow" for "http://localhost:8000/"
2017-10-08 16:38:04.616 plugin-container[3014:238108] *** CFMessagePort: bootstrap_register(): failed 1100 (0x44c) 'Permission denied', port = 0x9d3b, name = 'com.apple.tsm.portname'
See /usr/include/servers/bootstrap_defs.h for the error codes.
2017-10-08 16:38:04.624 plugin-container[3014:238108] *** CFMessagePort: bootstrap_register(): failed 1100 (0x44c) 'Permission denied', port = 0xa003, name = 'com.apple.CFPasteboardClient'
See /usr/include/servers/bootstrap_defs.h for the error codes.
1507451972877	geckodriver	INFO	Listening on 127.0.0.1:52449
1507451973884	mozprofile::profile	INFO	Using profile path /var/folders/b2/p_m4jmln2_15khd12nhs8jy00000gn/T/rust_mozprofile.jFxJUnYB88xL
1507451973885	geckodriver::marionette	INFO	Starting browser /Applications/Firefox.app/Contents/MacOS/firefox-bin
1507451973887	geckodriver::marionette	INFO	Connecting to Marionette on localhost:52458
1507451974249	Marionette	WARN	Deprecated preference marionette.defaultPrefs.enabled detected, please use marionette.enabled
1507451975442	Marionette	INFO	Listening on port 52458
1507451975540	Marionette	WARN	TLS certificate errors will be ignored for this session
1507451975668	Marionette	DEBUG	loaded listener.js
1507451975696	Marionette	DEBUG	Received DOM event "beforeunload" for "about:blank"
2017-10-08 16:39:35.730 plugin-container[3040:239898] *** CFMessagePort: bootstrap_register(): failed 1100 (0x44c) 'Permission denied', port = 0x9c3f, name = 'com.apple.tsm.portname'
See /usr/include/servers/bootstrap_defs.h for the error codes.
2017-10-08 16:39:35.732 plugin-container[3040:239898] *** CFMessagePort: bootstrap_register(): failed 1100 (0x44c) 'Permission denied', port = 0x9f03, name = 'com.apple.CFPasteboardClient'
See /usr/include/servers/bootstrap_defs.h for the error codes.
1507451975737	Marionette	DEBUG	Received DOM event "pagehide" for "about:blank"
1507451975738	Marionette	DEBUG	Received DOM event "unload" for "about:blank"
1507451975743	Marionette	DEBUG	Received DOM event "DOMContentLoaded" for "http://localhost:8000/"
1507451975766	Marionette	DEBUG	Received DOM event "pageshow" for "http://localhost:8000/"
JavaScript error: resource://gre/components/nsUrlClassifierListManager.js, line 287: NS_ERROR_NOT_INITIALIZED: Component returned failure code: 0xc1f30001 (NS_ERROR_NOT_INITIALIZED) [nsIUrlClassifierDBService.getTables]
JavaScript error: resource://gre/components/nsUrlClassifierListManager.js, line 287: NS_ERROR_NOT_INITIALIZED: Component returned failure code: 0xc1f30001 (NS_ERROR_NOT_INITIALIZED) [nsIUrlClassifierDBService.getTables]
1507451989162	Marionette	INFO	Ceased listening
JavaScript error: resource://gre/components/nsUrlClassifierListManager.js, line 287: NS_ERROR_NOT_INITIALIZED: Component returned failure code: 0xc1f30001 (NS_ERROR_NOT_INITIALIZED) [nsIUrlClassifierDBService.getTables]
JavaScript error: resource://gre/components/nsUrlClassifierListManager.js, line 287: NS_ERROR_NOT_INITIALIZED: Component returned failure code: 0xc1f30001 (NS_ERROR_NOT_INITIALIZED) [nsIUrlClassifierDBService.getTables]
1507451991485	Marionette	INFO	Ceased listening
JavaScript error: resource://gre/components/nsUrlClassifierListManager.js, line 287: NS_ERROR_NOT_INITIALIZED: Component returned failure code: 0xc1f30001 (NS_ERROR_NOT_INITIALIZED) [nsIUrlClassifierDBService.getTables]
JavaScript error: resource://gre/components/nsUrlClassifierListManager.js, line 287: NS_ERROR_NOT_INITIALIZED: Component returned failure code: 0xc1f30001 (NS_ERROR_NOT_INITIALIZED) [nsIUrlClassifierDBService.getTables]
1507451994178	Marionette	INFO	Ceased listening
1507451996569	geckodriver	INFO	Listening on 127.0.0.1:52513
1507451997576	mozprofile::profile	INFO	Using profile path /var/folders/b2/p_m4jmln2_15khd12nhs8jy00000gn/T/rust_mozprofile.siGIXz6HLyIF
1507451997577	geckodriver::marionette	INFO	Starting browser /Applications/Firefox.app/Contents/MacOS/firefox-bin
1507451997579	geckodriver::marionette	INFO	Connecting to Marionette on localhost:52522
1507451997942	Marionette	WARN	Deprecated preference marionette.defaultPrefs.enabled detected, please use marionette.enabled
1507451999048	Marionette	INFO	Listening on port 52522
1507451999138	Marionette	WARN	TLS certificate errors will be ignored for this session
1507451999248	Marionette	DEBUG	loaded listener.js
1507451999271	Marionette	DEBUG	Received DOM event "beforeunload" for "about:blank"
1507451999300	Marionette	DEBUG	Received DOM event "pagehide" for "about:blank"
1507451999300	Marionette	DEBUG	Received DOM event "unload" for "about:blank"
1507451999304	Marionette	DEBUG	Received DOM event "DOMContentLoaded" for "http://localhost:8000/"
1507451999323	Marionette	DEBUG	Received DOM event "pageshow" for "http://localhost:8000/"
2017-10-08 16:39:59.365 plugin-container[3051:240571] *** CFMessagePort: bootstrap_register(): failed 1100 (0x44c) 'Permission denied', port = 0x9d3b, name = 'com.apple.tsm.portname'
See /usr/include/servers/bootstrap_defs.h for the error codes.
2017-10-08 16:39:59.366 plugin-container[3051:240571] *** CFMessagePort: bootstrap_register(): failed 1100 (0x44c) 'Permission denied', port = 0xa003, name = 'com.apple.CFPasteboardClient'
See /usr/include/servers/bootstrap_defs.h for the error codes.
JavaScript error: resource://gre/components/nsUrlClassifierListManager.js, line 287: NS_ERROR_NOT_INITIALIZED: Component returned failure code: 0xc1f30001 (NS_ERROR_NOT_INITIALIZED) [nsIUrlClassifierDBService.getTables]
JavaScript error: resource://gre/components/nsUrlClassifierListManager.js, line 287: NS_ERROR_NOT_INITIALIZED: Component returned failure code: 0xc1f30001 (NS_ERROR_NOT_INITIALIZED) [nsIUrlClassifierDBService.getTables]
1507452003453	Marionette	INFO	Ceased listening
1507452033409	geckodriver	INFO	Listening on 127.0.0.1:52583
1507452033416	mozprofile::profile	INFO	Using profile path /var/folders/b2/p_m4jmln2_15khd12nhs8jy00000gn/T/rust_mozprofile.VRpoSadHu4sx
1507452033417	geckodriver::marionette	INFO	Starting browser /Applications/Firefox.app/Contents/MacOS/firefox-bin
1507452033418	geckodriver::marionette	INFO	Connecting to Marionette on localhost:52590
1507452033849	Marionette	WARN	Deprecated preference marionette.defaultPrefs.enabled detected, please use marionette.enabled
1507452035059	Marionette	INFO	Listening on port 52590
1507452035104	Marionette	WARN	TLS certificate errors will be ignored for this session
1507452035324	Marionette	DEBUG	loaded listener.js
1507452035348	Marionette	DEBUG	Received DOM event "beforeunload" for "about:blank"
1507452035373	Marionette	DEBUG	Received DOM event "pagehide" for "about:blank"
1507452035373	Marionette	DEBUG	Received DOM event "unload" for "about:blank"
1507452035378	Marionette	DEBUG	Received DOM event "DOMContentLoaded" for "http://localhost:8000/"
1507452035397	Marionette	DEBUG	Received DOM event "pageshow" for "http://localhost:8000/"
2017-10-08 16:40:35.433 plugin-container[3063:241534] *** CFMessagePort: bootstrap_register(): failed 1100 (0x44c) 'Permission denied', port = 0x9d3b, name = 'com.apple.tsm.portname'
See /usr/include/servers/bootstrap_defs.h for the error codes.
2017-10-08 16:40:35.434 plugin-container[3063:241534] *** CFMessagePort: bootstrap_register(): failed 1100 (0x44c) 'Permission denied', port = 0xa003, name = 'com.apple.CFPasteboardClient'
See /usr/include/servers/bootstrap_defs.h for the error codes.
*************************
A coding exception was thrown and uncaught in a Task.

Full message: TypeError: NetworkError when attempting to fetch resource.
Full stack: 
*************************
*************************
A coding exception was thrown and uncaught in a Task.

Full message: TypeError: NetworkError when attempting to fetch resource.
Full stack: 
*************************
JavaScript error: resource://gre/components/nsUrlClassifierListManager.js, line 287: NS_ERROR_NOT_INITIALIZED: Component returned failure code: 0xc1f30001 (NS_ERROR_NOT_INITIALIZED) [nsIUrlClassifierDBService.getTables]
JavaScript error: resource://gre/components/nsUrlClassifierListManager.js, line 287: NS_ERROR_NOT_INITIALIZED: Component returned failure code: 0xc1f30001 (NS_ERROR_NOT_INITIALIZED) [nsIUrlClassifierDBService.getTables]
1507542962310	Marionette	INFO	Ceased listening
